DEBUG:simpleExample:debug message
INFO:simpleExample:info message
WARNING:simpleExample:warn message
ERROR:simpleExample:error message
CRITICAL:simpleExample:critical message
DEBUG:simpleExample:debug message
INFO:simpleExample:info message
WARNING:simpleExample:warn message
ERROR:simpleExample:error message
CRITICAL:simpleExample:critical message
DEBUG:simpleExample:debug message
INFO:simpleExample:info message
WARNING:simpleExample:warn message
ERROR:simpleExample:error message
CRITICAL:simpleExample:critical message
DEBUG:simpleExample:debug message
INFO:simpleExample:info message
WARNING:simpleExample:warn message
ERROR:simpleExample:error message
CRITICAL:simpleExample:critical message
DEBUG:simpleExample:debug message
INFO:simpleExample:info message
WARNING:simpleExample:warn message
ERROR:simpleExample:error message
CRITICAL:simpleExample:critical message
DEBUG:simpleExample:debug message
INFO:simpleExample:info message
WARNING:simpleExample:warn message
ERROR:simpleExample:error message
CRITICAL:simpleExample:critical message
DEBUG:simpleExample:debug message
INFO:simpleExample:info message
WARNING:simpleExample:warn message
ERROR:simpleExample:error message
CRITICAL:simpleExample:critical message
